#
# There is insufficient memory for the Java Runtime Environment to continue.
# Native memory allocation (malloc) failed to allocate 1048576 bytes for AllocateHeap
# Possible reasons:
#   The system is out of physical RAM or swap space
#   The process is running with CompressedOops enabled, and the Java Heap may be blocking the growth of the native heap
# Possible solutions:
#   Reduce memory load on the system
#   Increase physical memory or swap space
#   Check if swap backing store is full
#   Decrease Java heap size (-Xmx/-Xms)
#   Decrease number of Java threads
#   Decrease Java thread stack sizes (-Xss)
#   Set larger code cache with -XX:ReservedCodeCacheSize=
# This output file may be truncated or incomplete.
#
#  Out of Memory Error (t:/workspace/open/src/hotspot/share/memory/allocation.cpp:46), pid=1812, tid=11640
#
# JRE version:  (11.0+28) (build )
# Java VM: Java HotSpot(TM) 64-Bit Server VM (11+28, mixed mode, aot, sharing, tiered, compressed oops, g1 gc, windows-amd64)
# No core dump will be written. Minidumps are not enabled by default on client versions of Windows
#

---------------  S U M M A R Y ------------

Command Line: -Dfile.encoding=Cp1252 --module-path=C:\Users\nguye\eclipse-workspace\FinalExam\bin -Djdk.module.main=FinalExam FinalExam/Manager.Main

Host: Intel(R) Core(TM) i7-3770 CPU @ 3.40GHz, 8 cores, 7G,  Windows 10 , 64 bit Build 17763 (10.0.17763.1)
Time: Tue Oct 16 21:50:52 2018 SE Asia Standard Time elapsed time: 0 seconds (0d 0h 0m 0s)

---------------  T H R E A D  ---------------

Current thread (0x0000021a49714000):  JavaThread "Unknown thread" [_thread_in_vm, id=11640, stack(0x00000030e2900000,0x00000030e2a00000)]

Stack: [0x00000030e2900000,0x00000030e2a00000]
Native frames: (J=compiled Java code, j=interpreted, Vv=VM code, C=native code)
V  [jvm.dll+0x63c22a]
V  [jvm.dll+0x7797ef]
V  [jvm.dll+0x77adda]
V  [jvm.dll+0x77b493]
V  [jvm.dll+0x262818]
V  [jvm.dll+0xbd6c4]
V  [jvm.dll+0x2fa80d]
V  [jvm.dll+0x2f49d9]
V  [jvm.dll+0x752db7]
V  [jvm.dll+0x7544ff]
V  [jvm.dll+0x3752e9]
V  [jvm.dll+0x7394b9]
V  [jvm.dll+0x3e46fd]
V  [jvm.dll+0x3e69d1]
C  [javaw.exe+0x3613]
C  [javaw.exe+0x17e2c]
C  [KERNEL32.DLL+0x17e94]
C  [ntdll.dll+0x67ad1]


---------------  P R O C E S S  ---------------

Threads class SMR info:
_java_thread_list=0x0000021a47603470, length=0, elements={
}

Java Threads: ( => current thread )

Other Threads:
  0x0000021a49729000 GCTaskThread "GC Thread#0" [stack: 0x00000030e2a00000,0x00000030e2b00000] [id=4820]

[error occurred during error reporting (printing all threads), id 0xc0000005, EXCEPTION_ACCESS_VIOLATION (0xc0000005) at pc=0x00007ffc3cf7f350]

VM state:not at safepoint (not fully initialized)

VM Mutex/Monitor currently owned by a thread:  ([mutex/lock_event])
[0x0000021a49712380] Heap_lock - owner thread: 0x0000021a49714000

Heap address: 0x0000000080c00000, size: 2036 MB, Compressed Oops mode: Non-zero based: 0x0000000080c00000
Narrow klass base: 0x0000000000000000, Narrow klass shift: 0

GC Heap History (0 events):
No events

Deoptimization events (0 events):
No events

Classes redefined (0 events):
No events

Internal exceptions (0 events):
No events

Events (0 events):
No events


Dynamic libraries:
0x00007ff6b2af0000 - 0x00007ff6b2b37000 	C:\Program Files\Java\jdk-11\bin\javaw.exe
0x00007ffc87cd0000 - 0x00007ffc87ebd000 	C:\WINDOWS\SYSTEM32\ntdll.dll
0x00007ffc87480000 - 0x00007ffc87533000 	C:\WINDOWS\System32\KERNEL32.DLL
0x00007ffc84ac0000 - 0x00007ffc84d53000 	C:\WINDOWS\System32\KERNELBASE.dll
0x00007ffc852d0000 - 0x00007ffc85373000 	C:\WINDOWS\System32\ADVAPI32.dll
0x00007ffc87c00000 - 0x00007ffc87c9e000 	C:\WINDOWS\System32\msvcrt.dll
0x00007ffc84f00000 - 0x00007ffc84f9e000 	C:\WINDOWS\System32\sechost.dll
0x00007ffc86c40000 - 0x00007ffc86d63000 	C:\WINDOWS\System32\RPCRT4.dll
0x00007ffc86a30000 - 0x00007ffc86bc7000 	C:\WINDOWS\System32\USER32.dll
0x00007ffc84aa0000 - 0x00007ffc84ac0000 	C:\WINDOWS\System32\win32u.dll
0x00007ffc852a0000 - 0x00007ffc852c9000 	C:\WINDOWS\System32\GDI32.dll
0x00007ffc84d60000 - 0x00007ffc84efa000 	C:\WINDOWS\System32\gdi32full.dll
0x00007ffc841b0000 - 0x00007ffc84250000 	C:\WINDOWS\System32\msvcp_win.dll
0x00007ffc83da0000 - 0x00007ffc83e9c000 	C:\WINDOWS\System32\ucrtbase.dll
0x00007ffc76910000 - 0x00007ffc76b89000 	C:\WINDOWS\WinSxS\amd64_microsoft.windows.common-controls_6595b64144ccf1df_6.0.17763.55_none_bfabd67a2c8ec77e\COMCTL32.dll
0x00007ffc7f9c0000 - 0x00007ffc7f9ca000 	C:\WINDOWS\SYSTEM32\VERSION.dll
0x00007ffc87540000 - 0x00007ffc8786e000 	C:\WINDOWS\System32\combase.dll
0x00007ffc84080000 - 0x00007ffc840fe000 	C:\WINDOWS\System32\bcryptPrimitives.dll
0x00007ffc879c0000 - 0x00007ffc879ee000 	C:\WINDOWS\System32\IMM32.DLL
0x00007ffc7ef60000 - 0x00007ffc7ef76000 	C:\Program Files\Java\jdk-11\bin\vcruntime140.dll
0x00007ffc73750000 - 0x00007ffc737fa000 	C:\Program Files\Java\jdk-11\bin\msvcp140.dll
0x00007ffc3cc80000 - 0x00007ffc3d7c2000 	C:\Program Files\Java\jdk-11\bin\server\jvm.dll
0x00007ffc86a10000 - 0x00007ffc86a18000 	C:\WINDOWS\System32\PSAPI.DLL
0x00007ffc7fb50000 - 0x00007ffc7fb59000 	C:\WINDOWS\SYSTEM32\WSOCK32.dll
0x00007ffc73380000 - 0x00007ffc733a4000 	C:\WINDOWS\SYSTEM32\WINMM.dll
0x00007ffc86bd0000 - 0x00007ffc86c3d000 	C:\WINDOWS\System32\WS2_32.dll
0x00007ffc73350000 - 0x00007ffc7337d000 	C:\WINDOWS\SYSTEM32\WINMMBASE.dll
0x00007ffc849a0000 - 0x00007ffc849ea000 	C:\WINDOWS\System32\cfgmgr32.dll
0x00007ffc83d20000 - 0x00007ffc83d31000 	C:\WINDOWS\System32\kernel.appcore.dll
0x00007ffc7fa00000 - 0x00007ffc7fa11000 	C:\Program Files\Java\jdk-11\bin\verify.dll
0x00007ffc7e030000 - 0x00007ffc7e21d000 	C:\WINDOWS\SYSTEM32\DBGHELP.DLL
0x00007ffc7db90000 - 0x00007ffc7dbba000 	C:\WINDOWS\SYSTEM32\dbgcore.DLL
0x00007ffc7b510000 - 0x00007ffc7b539000 	C:\Program Files\Java\jdk-11\bin\java.dll
0x00007ffc7f940000 - 0x00007ffc7f956000 	C:\Program Files\Java\jdk-11\bin\zip.dll
0x00007ffc7fb40000 - 0x00007ffc7fb4a000 	C:\Program Files\Java\jdk-11\bin\jimage.dll

dbghelp: loaded successfully - version: 4.0.5 - missing functions: none
symbol engine: initialized successfully - sym options: 0x614 - pdb path: .;C:\Program Files\Java\jdk-11\bin;C:\WINDOWS\SYSTEM32;C:\WINDOWS\WinSxS\amd64_microsoft.windows.common-controls_6595b64144ccf1df_6.0.17763.55_none_bfabd67a2c8ec77e;C:\Program Files\Java\jdk-11\bin\server

VM Arguments:
jvm_args: -Dfile.encoding=Cp1252 --module-path=C:\Users\nguye\eclipse-workspace\FinalExam\bin -Djdk.module.main=FinalExam 
java_command: FinalExam/Manager.Main
java_class_path (initial): <not set>
Launcher Type: SUN_STANDARD

[Global flags]
     intx CICompilerCount                          = 4                                         {product} {ergonomic}
     uint ConcGCThreads                            = 2                                         {product} {ergonomic}
     uint G1ConcRefinementThreads                  = 8                                         {product} {ergonomic}
   size_t G1HeapRegionSize                         = 1048576                                   {product} {ergonomic}
    uintx GCDrainStackTargetSize                   = 64                                        {product} {ergonomic}
   size_t InitialHeapSize                          = 134217728                                 {product} {ergonomic}
   size_t MarkStackSize                            = 4194304                                   {product} {ergonomic}
   size_t MaxHeapSize                              = 2134900736                                {product} {ergonomic}
   size_t MinHeapDeltaBytes                        = 1048576                                   {product} {ergonomic}
    uintx NonNMethodCodeHeapSize                   = 5835340                                {pd product} {ergonomic}
    uintx NonProfiledCodeHeapSize                  = 122911450                              {pd product} {ergonomic}
    uintx ProfiledCodeHeapSize                     = 122911450                              {pd product} {ergonomic}
    uintx ReservedCodeCacheSize                    = 251658240                              {pd product} {ergonomic}
     bool SegmentedCodeCache                       = true                                      {product} {ergonomic}
     bool UseCompressedClassPointers               = true                                 {lp64_product} {ergonomic}
     bool UseCompressedOops                        = true                                 {lp64_product} {ergonomic}
     bool UseG1GC                                  = true                                      {product} {ergonomic}
     bool UseLargePagesIndividualAllocation        = false                                  {pd product} {ergonomic}

Logging:
Log output configuration:
 #0: stdout all=warning uptime,level,tags
 #1: stderr all=off uptime,level,tags

Environment Variables:
PATH=C:/Program Files/Java/jdk-11/bin/server;C:/Program Files/Java/jdk-11/bin;C:\Windows\system32;C:\Windows;C:\Windows\System32\Wbem;C:\Windows\System32\WindowsPowerShell\v1.0\;C:\Windows\System32\OpenSSH\;C:\Program Files (x86)\NVIDIA Corporation\PhysX\Common;C:\Program Files\Java\jdk-11\bin;;C:\WINDOWS\system32;C:\WINDOWS;C:\WINDOWS\System32\Wbem;C:\WINDOWS\System32\WindowsPowerShell\v1.0\;C:\WINDOWS\System32\OpenSSH\;C:\Program Files\Microsoft SQL Server\Client SDK\ODBC\130\Tools\Binn\;C:\Program Files (x86)\Microsoft SQL Server\140\Tools\Binn\;C:\Program Files\Microsoft SQL Server\140\Tools\Binn\;C:\Program Files\Microsoft SQL Server\140\DTS\Binn\;C:\Users\nguye\AppData\Local\Microsoft\WindowsApps;;C:\WINDOWS\System32;
USERNAME=nguye
OS=Windows_NT
PROCESSOR_IDENTIFIER=Intel64 Family 6 Model 58 Stepping 9, GenuineIntel



---------------  S Y S T E M  ---------------

OS: Windows 10 , 64 bit Build 17763 (10.0.17763.1)

CPU:total 8 (initial active 8) (4 cores per cpu, 2 threads per core) family 6 model 58 stepping 9, cmov, cx8, fxsr, mmx, sse, sse2, sse3, ssse3, sse4.1, sse4.2, popcnt, avx, aes, clmul, erms, ht, tsc, tscinvbit, tscinv

Memory: 4k page, system-wide physical 8138M (3223M free)
TotalPageFile size 8138M (AvailPageFile size 5M)
current process WorkingSet (physical memory assigned to process): 9M, peak: 9M
current process commit charge ("private bytes"): 55M, peak: 56M

vm_info: Java HotSpot(TM) 64-Bit Server VM (11+28) for windows-amd64 JRE (11+28), built on Aug 23 2018 03:03:59 by "mach5one" with MS VC++ 15.5 (VS2017)

END.
